mode: set
campuscore/internal/repository/postgres_governance.go:17.80,19.2 1 0
campuscore/internal/repository/postgres_governance.go:22.103,43.16 5 0
campuscore/internal/repository/postgres_governance.go:43.16,44.36 1 0
campuscore/internal/repository/postgres_governance.go:44.36,54.4 1 0
campuscore/internal/repository/postgres_governance.go:55.3,55.85 1 0
campuscore/internal/repository/postgres_governance.go:58.2,58.23 1 0
campuscore/internal/repository/postgres_governance.go:62.147,76.16 3 0
campuscore/internal/repository/postgres_governance.go:76.16,78.3 1 0
campuscore/internal/repository/postgres_governance.go:80.2,80.12 1 0
campuscore/internal/repository/postgres_payments.go:16.78,20.2 1 1
campuscore/internal/repository/postgres_payments.go:27.33,62.16 4 1
campuscore/internal/repository/postgres_payments.go:62.16,64.3 1 1
campuscore/internal/repository/postgres_payments.go:66.2,66.18 1 1
campuscore/internal/repository/postgres_payments.go:73.9,98.2 3 1
campuscore/internal/repository/postgres_payments.go:104.17,117.16 4 1
campuscore/internal/repository/postgres_payments.go:117.16,119.3 1 1
campuscore/internal/repository/postgres_payments.go:121.2,121.20 1 1
campuscore/internal/repository/postgres_payments.go:128.38,146.16 3 1
campuscore/internal/repository/postgres_payments.go:146.16,148.3 1 1
campuscore/internal/repository/postgres_payments.go:149.2,153.18 3 1
campuscore/internal/repository/postgres_payments.go:153.18,165.17 3 1
campuscore/internal/repository/postgres_payments.go:165.17,167.4 1 1
campuscore/internal/repository/postgres_payments.go:169.3,169.45 1 1
campuscore/internal/repository/postgres_payments.go:172.2,172.35 1 1
campuscore/internal/repository/postgres_payments.go:172.35,174.3 1 1
campuscore/internal/repository/postgres_payments.go:176.2,176.24 1 1
campuscore/internal/repository/postgres_payments.go:186.9,208.2 3 1
campuscore/internal/repository/postgres_payments.go:214.9,237.2 3 1
campuscore/internal/repository/postgres_users.go:16.68,18.2 1 0
campuscore/internal/repository/postgres_users.go:21.66,38.16 3 0
campuscore/internal/repository/postgres_users.go:38.16,40.3 1 0
campuscore/internal/repository/postgres_users.go:41.2,41.12 1 0
campuscore/internal/repository/postgres_users.go:45.76,62.16 7 0
campuscore/internal/repository/postgres_users.go:62.16,63.36 1 0
campuscore/internal/repository/postgres_users.go:63.36,65.4 1 0
campuscore/internal/repository/postgres_users.go:66.3,66.72 1 0
campuscore/internal/repository/postgres_users.go:69.2,69.25 1 0
campuscore/internal/repository/postgres_users.go:69.25,71.3 1 0
campuscore/internal/repository/postgres_users.go:72.2,72.20 1 0
campuscore/internal/repository/postgres_users.go:72.20,74.3 1 0
campuscore/internal/repository/postgres_users.go:76.2,76.16 1 0
campuscore/internal/repository/postgres_users.go:80.82,97.16 7 0
campuscore/internal/repository/postgres_users.go:97.16,98.36 1 0
campuscore/internal/repository/postgres_users.go:98.36,100.4 1 0
campuscore/internal/repository/postgres_users.go:101.3,101.75 1 0
campuscore/internal/repository/postgres_users.go:104.2,104.25 1 0
campuscore/internal/repository/postgres_users.go:104.25,106.3 1 0
campuscore/internal/repository/postgres_users.go:107.2,107.20 1 0
campuscore/internal/repository/postgres_users.go:107.20,109.3 1 0
campuscore/internal/repository/postgres_users.go:111.2,111.16 1 0
campuscore/internal/repository/postgres_users.go:115.67,118.16 3 0
campuscore/internal/repository/postgres_users.go:118.16,120.3 1 0
campuscore/internal/repository/postgres_users.go:121.2,121.12 1 0
