mode: set
campuscore/internal/api/auth_handlers.go:19.85,24.2 1 1
campuscore/internal/api/auth_handlers.go:33.69,35.33 1 1
campuscore/internal/api/auth_handlers.go:35.33,40.3 4 1
campuscore/internal/api/auth_handlers.go:43.2,45.16 3 1
campuscore/internal/api/auth_handlers.go:45.16,50.3 4 1
campuscore/internal/api/auth_handlers.go:53.2,54.16 2 1
campuscore/internal/api/auth_handlers.go:54.16,57.17 2 1
campuscore/internal/api/auth_handlers.go:57.17,63.4 4 1
campuscore/internal/api/auth_handlers.go:67.2,67.62 1 1
campuscore/internal/api/auth_handlers.go:67.62,72.3 4 1
campuscore/internal/api/auth_handlers.go:75.2,76.16 2 1
campuscore/internal/api/auth_handlers.go:76.16,81.3 4 0
campuscore/internal/api/auth_handlers.go:84.2,100.105 5 1
campuscore/internal/api/auth_handlers.go:104.70,107.16 2 1
campuscore/internal/api/auth_handlers.go:107.16,110.3 1 1
campuscore/internal/api/auth_handlers.go:113.2,124.101 4 1
campuscore/internal/api/clearance_handlers.go:17.74,21.2 1 0
campuscore/internal/api/clearance_handlers.go:24.121,25.21 1 0
campuscore/internal/api/clearance_handlers.go:25.21,27.3 1 0
campuscore/internal/api/clearance_handlers.go:29.2,29.57 1 0
campuscore/internal/api/clearance_handlers.go:39.9,41.21 1 0
campuscore/internal/api/clearance_handlers.go:41.21,43.3 1 0
campuscore/internal/api/clearance_handlers.go:45.2,45.19 1 0
campuscore/internal/api/clearance_handlers.go:45.19,47.3 1 0
campuscore/internal/api/clearance_handlers.go:49.2,51.40 2 0
campuscore/internal/api/clearance_handlers.go:54.27,55.51 1 0
campuscore/internal/api/clearance_handlers.go:57.10,58.60 1 0
campuscore/internal/api/clearance_handlers.go:61.2,67.3 1 0
campuscore/internal/api/lecturer_handlers.go:19.65,21.2 1 0
campuscore/internal/api/lecturer_handlers.go:35.83,36.33 1 0
campuscore/internal/api/lecturer_handlers.go:36.33,41.3 4 0
campuscore/internal/api/lecturer_handlers.go:44.2,45.23 2 0
campuscore/internal/api/lecturer_handlers.go:45.23,50.3 4 0
campuscore/internal/api/lecturer_handlers.go:51.2,55.61 3 0
campuscore/internal/api/lecturer_handlers.go:55.61,60.3 4 0
campuscore/internal/api/lecturer_handlers.go:63.2,64.16 2 0
campuscore/internal/api/lecturer_handlers.go:64.16,69.3 4 0
campuscore/internal/api/lecturer_handlers.go:71.2,73.90 3 0
campuscore/internal/api/lecturer_handlers.go:77.82,78.33 1 0
campuscore/internal/api/lecturer_handlers.go:78.33,83.3 4 0
campuscore/internal/api/lecturer_handlers.go:86.2,87.23 2 0
campuscore/internal/api/lecturer_handlers.go:87.23,92.3 4 0
campuscore/internal/api/lecturer_handlers.go:93.2,97.61 3 0
campuscore/internal/api/lecturer_handlers.go:97.61,102.3 4 0
campuscore/internal/api/lecturer_handlers.go:105.2,106.16 2 0
campuscore/internal/api/lecturer_handlers.go:106.16,111.3 4 0
campuscore/internal/api/lecturer_handlers.go:113.2,115.124 3 0
campuscore/internal/api/payment_handlers.go:16.81,20.2 1 0
campuscore/internal/api/payment_handlers.go:32.80,35.33 2 0
campuscore/internal/api/payment_handlers.go:35.33,38.3 2 0
campuscore/internal/api/payment_handlers.go:40.2,42.61 2 0
campuscore/internal/api/payment_handlers.go:42.61,45.3 2 0
campuscore/internal/api/payment_handlers.go:47.2,55.16 2 0
campuscore/internal/api/payment_handlers.go:55.16,62.3 3 0
campuscore/internal/api/payment_handlers.go:64.2,68.4 2 0
campuscore/internal/api/student_handlers.go:22.19,27.2 1 1
campuscore/internal/api/student_handlers.go:43.64,47.2 3 1
campuscore/internal/api/student_handlers.go:49.56,52.2 2 1
campuscore/internal/api/student_handlers.go:55.81,56.33 1 1
campuscore/internal/api/student_handlers.go:56.33,61.3 2 1
campuscore/internal/api/student_handlers.go:63.2,64.9 2 1
campuscore/internal/api/student_handlers.go:64.9,69.3 2 1
campuscore/internal/api/student_handlers.go:71.2,73.61 2 1
campuscore/internal/api/student_handlers.go:73.61,78.3 2 1
campuscore/internal/api/student_handlers.go:80.2,85.16 1 1
campuscore/internal/api/student_handlers.go:85.16,90.3 2 1
campuscore/internal/api/student_handlers.go:92.2,94.4 1 1
campuscore/internal/api/student_handlers.go:98.79,99.33 1 1
campuscore/internal/api/student_handlers.go:99.33,104.3 2 1
campuscore/internal/api/student_handlers.go:106.2,107.9 2 1
campuscore/internal/api/student_handlers.go:107.9,112.3 2 1
campuscore/internal/api/student_handlers.go:114.2,116.61 2 1
campuscore/internal/api/student_handlers.go:116.61,121.3 2 1
campuscore/internal/api/student_handlers.go:123.2,131.82 2 1
campuscore/internal/api/student_handlers.go:131.82,136.3 2 1
campuscore/internal/api/student_handlers.go:138.2,140.4 1 1
